<?xml version='1.0'?>
<ns2:test-suite xmlns:ns2='urn:model.allure.qatools.yandex.ru' start='1761999011955' stop='1761999017632'>
    <name>Sign up Conduit</name>
    <title>Sign up Conduit</title>
    <test-cases>
        <test-case start='1761999012973' status='failed' stop='1761999017500'>
            <name>Should register user</name>
            <title>Should register user</title>
            <labels>
                <label name='language' value='javascript'/>
                <label name='framework' value='wdio'/>
                <label name='thread' value='0-0'/>
                <label name='story' value='Conduit_tests'/>
            </labels>
            <parameters>
                <parameter kind='argument' name='browser' value='chrome-142.0.7444.60'/>
                <parameter kind='environment-variable' name='browserName' value='chrome'/>
                <parameter kind='environment-variable' name='browserVersion' value='142.0.7444.60'/>
                <parameter kind='environment-variable' name='windowSize' value='1920,1014'/>
            </parameters>
            <steps>
                <step start='1761999013030' status='passed' stop='1761999013030'>
                    <name>Clicking on element .nav-link[href="/register"]</name>
                    <title>Clicking on element .nav-link[href="/register"]</title>
                    <attachments/>
                    <steps/>
                </step>
                <step start='1761999013413' status='passed' stop='1761999013413'>
                    <name>Clicking on element button=Sign up</name>
                    <title>Clicking on element button=Sign up</title>
                    <attachments/>
                    <steps/>
                </step>
                <step start='1761999017508' status='passed' stop='1761999017508'>
                    <name>Browser requests artifact</name>
                    <title>Browser requests artifact</title>
                    <attachments/>
                    <steps/>
                </step>
                <step start='1761999017631' status='passed' stop='1761999017631'>
                    <name>Screenshot artifact</name>
                    <title>Screenshot artifact</title>
                    <attachments/>
                    <steps/>
                </step>
            </steps>
            <attachments>
                <attachment title='Browser requests' source='59590dc7-d141-4a4f-82d7-5c78655f455a-attachment.txt' type='text/plain' size='455'/>
                <attachment title='Screenshot' source='277e5f3d-d824-4b29-984d-29fac256ba3c-attachment.png' type='image/png' size='80998'/>
                <attachment title='Screenshot' source='5f23a26e-54bb-434e-b3fa-20efcc4dd514-attachment.png' type='image/png' size='80998'/>
            </attachments>
            <failure>
                <message>expected false to be true      
                      actual expected
                      
                      falsetrue
                      </message>
                <stack-trace>AssertionError: expected false to be true
                    at Assertion.&lt;anonymous> (/Users/asyvanych/Documents/GitHub/el-aqa-course/tc-automation-framework/node_modules/chai/lib/chai/core/assertions.js:666:10)
                    at Assertion.propertyGetter (/Users/asyvanych/Documents/GitHub/el-aqa-course/tc-automation-framework/node_modules/chai/lib/chai/utils/addProperty.js:62:29)
                    at doAsserterAsyncAndAddThen (file:///Users/asyvanych/Documents/GitHub/el-aqa-course/tc-automation-framework/node_modules/chai-as-promised/lib/chai-as-promised.js:340:16)
                    at Assertion.&lt;anonymous> (file:///Users/asyvanych/Documents/GitHub/el-aqa-course/tc-automation-framework/node_modules/chai-as-promised/lib/chai-as-promised.js:329:15)
                    at Assertion.overwritingPropertyGetter (/Users/asyvanych/Documents/GitHub/el-aqa-course/tc-automation-framework/node_modules/chai/lib/chai/utils/overwriteProperty.js:79:37)
                    at Reflect.get (&lt;anonymous>)
                    at Object.proxyGetter [as get] (/Users/asyvanych/Documents/GitHub/el-aqa-course/tc-automation-framework/node_modules/chai/lib/chai/utils/proxify.js:98:22)
                    at Context.&lt;anonymous> (/Users/asyvanych/Documents/GitHub/el-aqa-course/tc-automation-framework/ui/test/Conduit_tests/signUpConduitTest.js:31:56)</stack-trace>
            </failure>
        </test-case>
    </test-cases>
</ns2:test-suite>