<?xml version='1.0'?>
<ns2:test-suite xmlns:ns2='urn:model.allure.qatools.yandex.ru' start='1762198676552' stop='1762198700234'>
    <name>New Article CRUD</name>
    <title>New Article CRUD</title>
    <test-cases>
        <test-case start='1762198678525' status='passed' stop='1762198686802'>
            <name>Should confirm navigation bar in header is visible as for logged in user</name>
            <title>Should confirm navigation bar in header is visible as for logged in user</title>
            <labels>
                <label name='language' value='javascript'/>
                <label name='framework' value='wdio'/>
                <label name='thread' value='0-0'/>
                <label name='story' value='Conduit_tests'/>
            </labels>
            <parameters>
                <parameter kind='argument' name='browser' value='chrome-142.0.7444.60'/>
                <parameter kind='environment-variable' name='browserName' value='chrome'/>
                <parameter kind='environment-variable' name='browserVersion' value='142.0.7444.60'/>
                <parameter kind='environment-variable' name='windowSize' value='1920,1014'/>
            </parameters>
            <steps/>
            <attachments/>
        </test-case>
        <test-case start='1762198686803' status='passed' stop='1762198686990'>
            <name>Should navigate to New Article page</name>
            <title>Should navigate to New Article page</title>
            <labels>
                <label name='language' value='javascript'/>
                <label name='framework' value='wdio'/>
                <label name='thread' value='0-0'/>
                <label name='story' value='Conduit_tests'/>
            </labels>
            <parameters>
                <parameter kind='argument' name='browser' value='chrome-142.0.7444.60'/>
                <parameter kind='environment-variable' name='browserName' value='chrome'/>
                <parameter kind='environment-variable' name='browserVersion' value='142.0.7444.60'/>
                <parameter kind='environment-variable' name='windowSize' value='1920,1014'/>
            </parameters>
            <steps>
                <step start='1762198686822' status='passed' stop='1762198686822'>
                    <name>Clicking on element .nav-link[href="/editor"]</name>
                    <title>Clicking on element .nav-link[href="/editor"]</title>
                    <attachments/>
                    <steps/>
                </step>
            </steps>
            <attachments/>
        </test-case>
        <test-case start='1762198686990' status='passed' stop='1762198687342'>
            <name>Should create a new article</name>
            <title>Should create a new article</title>
            <labels>
                <label name='language' value='javascript'/>
                <label name='framework' value='wdio'/>
                <label name='thread' value='0-0'/>
                <label name='story' value='Conduit_tests'/>
            </labels>
            <parameters>
                <parameter kind='argument' name='browser' value='chrome-142.0.7444.60'/>
                <parameter kind='environment-variable' name='browserName' value='chrome'/>
                <parameter kind='environment-variable' name='browserVersion' value='142.0.7444.60'/>
                <parameter kind='environment-variable' name='windowSize' value='1920,1014'/>
            </parameters>
            <steps>
                <step start='1762198687318' status='passed' stop='1762198687318'>
                    <name>Clicking on element [data-qa-id="editor-publish"]</name>
                    <title>Clicking on element [data-qa-id="editor-publish"]</title>
                    <attachments/>
                    <steps/>
                </step>
            </steps>
            <attachments/>
        </test-case>
        <test-case start='1762198687342' status='passed' stop='1762198687764'>
            <name>Should confirm the created article page is opened</name>
            <title>Should confirm the created article page is opened</title>
            <labels>
                <label name='language' value='javascript'/>
                <label name='framework' value='wdio'/>
                <label name='thread' value='0-0'/>
                <label name='story' value='Conduit_tests'/>
            </labels>
            <parameters>
                <parameter kind='argument' name='browser' value='chrome-142.0.7444.60'/>
                <parameter kind='environment-variable' name='browserName' value='chrome'/>
                <parameter kind='environment-variable' name='browserVersion' value='142.0.7444.60'/>
                <parameter kind='environment-variable' name='windowSize' value='1920,1014'/>
            </parameters>
            <steps/>
            <attachments/>
        </test-case>
        <test-case start='1762198687765' status='passed' stop='1762198687782'>
            <name>Should verify the created article title</name>
            <title>Should verify the created article title</title>
            <labels>
                <label name='language' value='javascript'/>
                <label name='framework' value='wdio'/>
                <label name='thread' value='0-0'/>
                <label name='story' value='Conduit_tests'/>
            </labels>
            <parameters>
                <parameter kind='argument' name='browser' value='chrome-142.0.7444.60'/>
                <parameter kind='environment-variable' name='browserName' value='chrome'/>
                <parameter kind='environment-variable' name='browserVersion' value='142.0.7444.60'/>
                <parameter kind='environment-variable' name='windowSize' value='1920,1014'/>
            </parameters>
            <steps/>
            <attachments/>
        </test-case>
        <test-case start='1762198687782' status='passed' stop='1762198687792'>
            <name>Should verify the created article body</name>
            <title>Should verify the created article body</title>
            <labels>
                <label name='language' value='javascript'/>
                <label name='framework' value='wdio'/>
                <label name='thread' value='0-0'/>
                <label name='story' value='Conduit_tests'/>
            </labels>
            <parameters>
                <parameter kind='argument' name='browser' value='chrome-142.0.7444.60'/>
                <parameter kind='environment-variable' name='browserName' value='chrome'/>
                <parameter kind='environment-variable' name='browserVersion' value='142.0.7444.60'/>
                <parameter kind='environment-variable' name='windowSize' value='1920,1014'/>
            </parameters>
            <steps/>
            <attachments/>
        </test-case>
        <test-case start='1762198687792' status='broken' stop='1762198699836'>
            <name>Should verify the created article author</name>
            <title>Should verify the created article author</title>
            <labels>
                <label name='language' value='javascript'/>
                <label name='framework' value='wdio'/>
                <label name='thread' value='0-0'/>
                <label name='story' value='Conduit_tests'/>
            </labels>
            <parameters>
                <parameter kind='argument' name='browser' value='chrome-142.0.7444.60'/>
                <parameter kind='environment-variable' name='browserName' value='chrome'/>
                <parameter kind='environment-variable' name='browserVersion' value='142.0.7444.60'/>
                <parameter kind='environment-variable' name='windowSize' value='1920,1014'/>
            </parameters>
            <steps>
                <step start='1762198700011' status='passed' stop='1762198700011'>
                    <name>Browser requests artifact</name>
                    <title>Browser requests artifact</title>
                    <attachments/>
                    <steps/>
                </step>
                <step start='1762198700139' status='passed' stop='1762198700139'>
                    <name>Screenshot artifact</name>
                    <title>Screenshot artifact</title>
                    <attachments/>
                    <steps/>
                </step>
            </steps>
            <attachments>
                <attachment title='Browser requests' source='4c830b77-73e2-4cd6-a865-d672ae6d9d3c-attachment.txt' type='text/plain' size='4401'/>
                <attachment title='Screenshot' source='562503b8-3ea8-4ef3-91cc-21e3106cf7e5-attachment.png' type='image/png' size='130062'/>
                <attachment title='Screenshot' source='38b8143c-8bfd-437a-ad55-3e9a75221044-attachment.png' type='image/png' size='130062'/>
            </attachments>
            <failure>
                <message>Can't call getText on element with selector "[data-qa-id="author-name"]" because element wasn't found</message>
                <stack-trace>Error: Can't call getText on element with selector "[data-qa-id="author-name"]" because element wasn't found
                    at async Context.&lt;anonymous> (/Users/asyvanych/Documents/GitHub/el-aqa-course/tc-automation-framework/ui/test/Conduit_tests/newArticleCrudTest.js:72:31)</stack-trace>
            </failure>
        </test-case>
        <test-case start='1762198700139' status='broken' stop='1762198700141'>
            <name>Should verify the created article tags</name>
            <title>Should verify the created article tags</title>
            <labels>
                <label name='language' value='javascript'/>
                <label name='framework' value='wdio'/>
                <label name='thread' value='0-0'/>
                <label name='story' value='Conduit_tests'/>
            </labels>
            <parameters>
                <parameter kind='argument' name='browser' value='chrome-142.0.7444.60'/>
                <parameter kind='environment-variable' name='browserName' value='chrome'/>
                <parameter kind='environment-variable' name='browserVersion' value='142.0.7444.60'/>
                <parameter kind='environment-variable' name='windowSize' value='1920,1014'/>
            </parameters>
            <steps>
                <step start='1762198700144' status='passed' stop='1762198700144'>
                    <name>Browser requests artifact</name>
                    <title>Browser requests artifact</title>
                    <attachments/>
                    <steps/>
                </step>
                <step start='1762198700233' status='passed' stop='1762198700233'>
                    <name>Screenshot artifact</name>
                    <title>Screenshot artifact</title>
                    <attachments/>
                    <steps/>
                </step>
            </steps>
            <attachments>
                <attachment title='Browser requests' source='d443acd9-830a-4c66-a29d-5d49bd6b210a-attachment.txt' type='text/plain' size='4401'/>
                <attachment title='Screenshot' source='5317d490-9f0d-46bf-b67e-b668e3d070cf-attachment.png' type='image/png' size='130062'/>
                <attachment title='Screenshot' source='5a0bda3f-b9bc-4b67-a934-f3ae3a8540e6-attachment.png' type='image/png' size='130062'/>
            </attachments>
            <failure>
                <message>articleTagsElements is not defined</message>
                <stack-trace>ReferenceError: articleTagsElements is not defined
                    at ArticlePage.isArticleTagsList (/Users/asyvanych/Documents/GitHub/el-aqa-course/tc-automation-framework/ui/pages/ConduitApp/ArticlePage.js:36:34)
                    at Context.&lt;anonymous> (/Users/asyvanych/Documents/GitHub/el-aqa-course/tc-automation-framework/ui/test/Conduit_tests/newArticleCrudTest.js:77:47)</stack-trace>
            </failure>
        </test-case>
    </test-cases>
</ns2:test-suite>