<?xml version='1.0'?>
<ns2:test-suite xmlns:ns2='urn:model.allure.qatools.yandex.ru' start='1762200102780' stop='1762200104062'>
    <name>New Article CRUD</name>
    <title>New Article CRUD</title>
    <test-cases>
        <test-case start='1762200104059' status='broken' stop='1762200104061'>
            <name>"before all" hook for New Article CRUD</name>
            <title>"before all" hook for New Article CRUD</title>
            <labels>
                <label name='language' value='javascript'/>
                <label name='framework' value='wdio'/>
                <label name='thread' value='0-0'/>
            </labels>
            <parameters>
                <parameter kind='argument' name='browser' value='chrome-142.0.7444.60'/>
            </parameters>
            <steps/>
            <attachments/>
            <failure>
                <message>token is not defined</message>
                <stack-trace>ReferenceError: token is not defined
                    at Context.&lt;anonymous> (/Users/asyvanych/Documents/GitHub/el-aqa-course/tc-automation-framework/ui/test/Conduit_tests/newArticleCrudTest.js:27:55)</stack-trace>
            </failure>
        </test-case>
        <test-case start='1762200104062' status='broken' stop='1762200104062'>
            <name>"after all" hook for New Article CRUD</name>
            <title>"after all" hook for New Article CRUD</title>
            <labels>
                <label name='language' value='javascript'/>
                <label name='framework' value='wdio'/>
                <label name='thread' value='0-0'/>
            </labels>
            <parameters>
                <parameter kind='argument' name='browser' value='chrome-142.0.7444.60'/>
            </parameters>
            <steps/>
            <attachments/>
            <failure>
                <message>Cannot read properties of undefined (reading 'slug')</message>
                <stack-trace>TypeError: Cannot read properties of undefined (reading 'slug')
                    at Context.&lt;anonymous> (/Users/asyvanych/Documents/GitHub/el-aqa-course/tc-automation-framework/ui/test/Conduit_tests/newArticleCrudTest.js:85:25)</stack-trace>
            </failure>
        </test-case>
    </test-cases>
</ns2:test-suite>