<?xml version='1.0'?>
<ns2:test-suite xmlns:ns2='urn:model.allure.qatools.yandex.ru' start='1761823756126' stop='1761823761913'>
    <name>Sign up Conduit</name>
    <title>Sign up Conduit</title>
    <test-cases>
        <test-case start='1761823761400' status='failed' stop='1761823761703'>
            <name>Should navigate to Registration page</name>
            <title>Should navigate to Registration page</title>
            <labels>
                <label name='language' value='javascript'/>
                <label name='framework' value='wdio'/>
                <label name='thread' value='0-0'/>
                <label name='story' value='Conduit_tests'/>
            </labels>
            <parameters>
                <parameter kind='argument' name='browser' value='chrome-141.0.7390.123'/>
                <parameter kind='environment-variable' name='browserName' value='chrome'/>
                <parameter kind='environment-variable' name='browserVersion' value='141.0.7390.123'/>
                <parameter kind='environment-variable' name='windowSize' value='1920,1055'/>
            </parameters>
            <steps>
                <step start='1761823761421' status='passed' stop='1761823761421'>
                    <name>Clicking on element .nav-link[href="/register"]</name>
                    <title>Clicking on element .nav-link[href="/register"]</title>
                    <attachments/>
                    <steps/>
                </step>
                <step start='1761823761912' status='passed' stop='1761823761912'>
                    <name>Screenshot artifact</name>
                    <title>Screenshot artifact</title>
                    <attachments/>
                    <steps/>
                </step>
            </steps>
            <attachments>
                <attachment title='Screenshot' source='53562a4a-03cb-4259-a68c-feaa8aa90cca-attachment.png' type='image/png' size='70950'/>
                <attachment title='Screenshot' source='c734038c-e491-4b30-9616-751fd54e3eb3-attachment.png' type='image/png' size='70950'/>
            </attachments>
            <failure>
                <message>expected undefined to exist</message>
                <stack-trace>AssertionError: expected undefined to exist
                    at Assertion.assertExist (/Users/asyvanych/Documents/GitHub/el-aqa-course/tc-automation-framework/node_modules/chai/lib/chai/core/assertions.js:837:10)
                    at Assertion.propertyGetter (/Users/asyvanych/Documents/GitHub/el-aqa-course/tc-automation-framework/node_modules/chai/lib/chai/utils/addProperty.js:62:29)
                    at doAsserterAsyncAndAddThen (file:///Users/asyvanych/Documents/GitHub/el-aqa-course/tc-automation-framework/node_modules/chai-as-promised/lib/chai-as-promised.js:340:16)
                    at Assertion.&lt;anonymous> (file:///Users/asyvanych/Documents/GitHub/el-aqa-course/tc-automation-framework/node_modules/chai-as-promised/lib/chai-as-promised.js:329:15)
                    at Assertion.overwritingPropertyGetter (/Users/asyvanych/Documents/GitHub/el-aqa-course/tc-automation-framework/node_modules/chai/lib/chai/utils/overwriteProperty.js:79:37)
                    at Reflect.get (&lt;anonymous>)
                    at Object.proxyGetter [as get] (/Users/asyvanych/Documents/GitHub/el-aqa-course/tc-automation-framework/node_modules/chai/lib/chai/utils/proxify.js:98:22)
                    at Context.&lt;anonymous> (/Users/asyvanych/Documents/GitHub/el-aqa-course/tc-automation-framework/ui/test/Conduit_tests/signUpConduitTest.js:15:50)</stack-trace>
            </failure>
        </test-case>
    </test-cases>
</ns2:test-suite>