<?xml version='1.0'?>
<ns2:test-suite xmlns:ns2='urn:model.allure.qatools.yandex.ru' start='1761999526074' stop='1761999532440'>
    <name>Sign up Conduit</name>
    <title>Sign up Conduit</title>
    <test-cases>
        <test-case start='1761999527771' status='failed' stop='1761999532320'>
            <name>Should register user</name>
            <title>Should register user</title>
            <labels>
                <label name='language' value='javascript'/>
                <label name='framework' value='wdio'/>
                <label name='thread' value='0-0'/>
                <label name='story' value='Conduit_tests'/>
            </labels>
            <parameters>
                <parameter kind='argument' name='browser' value='chrome-142.0.7444.60'/>
                <parameter kind='environment-variable' name='browserName' value='chrome'/>
                <parameter kind='environment-variable' name='browserVersion' value='142.0.7444.60'/>
                <parameter kind='environment-variable' name='windowSize' value='1920,1014'/>
            </parameters>
            <steps>
                <step start='1761999527828' status='passed' stop='1761999527828'>
                    <name>Clicking on element .nav-link[href="/register"]</name>
                    <title>Clicking on element .nav-link[href="/register"]</title>
                    <attachments/>
                    <steps/>
                </step>
                <step start='1761999528196' status='passed' stop='1761999528196'>
                    <name>Clicking on element button=Sign up</name>
                    <title>Clicking on element button=Sign up</title>
                    <attachments/>
                    <steps/>
                </step>
                <step start='1761999532327' status='passed' stop='1761999532327'>
                    <name>Browser requests artifact</name>
                    <title>Browser requests artifact</title>
                    <attachments/>
                    <steps/>
                </step>
                <step start='1761999532439' status='passed' stop='1761999532439'>
                    <name>Screenshot artifact</name>
                    <title>Screenshot artifact</title>
                    <attachments/>
                    <steps/>
                </step>
            </steps>
            <attachments>
                <attachment title='Browser requests' source='765bda48-1715-4d30-a0ed-97c0562a7d71-attachment.txt' type='text/plain' size='468'/>
                <attachment title='Screenshot' source='107a232c-0a98-41ea-b8f2-982fea17f239-attachment.png' type='image/png' size='85294'/>
                <attachment title='Screenshot' source='4dd9774f-38dd-48ec-b8c6-c1dc3bbe9341-attachment.png' type='image/png' size='85294'/>
            </attachments>
            <failure>
                <message>expected false to be true      
                      actual expected
                      
                      falsetrue
                      </message>
                <stack-trace>AssertionError: expected false to be true
                    at Assertion.&lt;anonymous> (/Users/asyvanych/Documents/GitHub/el-aqa-course/tc-automation-framework/node_modules/chai/lib/chai/core/assertions.js:666:10)
                    at Assertion.propertyGetter (/Users/asyvanych/Documents/GitHub/el-aqa-course/tc-automation-framework/node_modules/chai/lib/chai/utils/addProperty.js:62:29)
                    at doAsserterAsyncAndAddThen (file:///Users/asyvanych/Documents/GitHub/el-aqa-course/tc-automation-framework/node_modules/chai-as-promised/lib/chai-as-promised.js:340:16)
                    at Assertion.&lt;anonymous> (file:///Users/asyvanych/Documents/GitHub/el-aqa-course/tc-automation-framework/node_modules/chai-as-promised/lib/chai-as-promised.js:329:15)
                    at Assertion.overwritingPropertyGetter (/Users/asyvanych/Documents/GitHub/el-aqa-course/tc-automation-framework/node_modules/chai/lib/chai/utils/overwriteProperty.js:79:37)
                    at Reflect.get (&lt;anonymous>)
                    at Object.proxyGetter [as get] (/Users/asyvanych/Documents/GitHub/el-aqa-course/tc-automation-framework/node_modules/chai/lib/chai/utils/proxify.js:98:22)
                    at Context.&lt;anonymous> (/Users/asyvanych/Documents/GitHub/el-aqa-course/tc-automation-framework/ui/test/Conduit_tests/signUpConduitTest.js:31:56)</stack-trace>
            </failure>
        </test-case>
    </test-cases>
</ns2:test-suite>