<?xml version='1.0'?>
<ns2:test-suite xmlns:ns2='urn:model.allure.qatools.yandex.ru' start='1761999029511' stop='1761999035029'>
    <name>Sign up Conduit</name>
    <title>Sign up Conduit</title>
    <test-cases>
        <test-case start='1761999030363' status='failed' stop='1761999034899'>
            <name>Should register user</name>
            <title>Should register user</title>
            <labels>
                <label name='language' value='javascript'/>
                <label name='framework' value='wdio'/>
                <label name='thread' value='0-0'/>
                <label name='story' value='Conduit_tests'/>
            </labels>
            <parameters>
                <parameter kind='argument' name='browser' value='chrome-142.0.7444.60'/>
                <parameter kind='environment-variable' name='browserName' value='chrome'/>
                <parameter kind='environment-variable' name='browserVersion' value='142.0.7444.60'/>
                <parameter kind='environment-variable' name='windowSize' value='1920,1014'/>
            </parameters>
            <steps>
                <step start='1761999030430' status='passed' stop='1761999030430'>
                    <name>Clicking on element .nav-link[href="/register"]</name>
                    <title>Clicking on element .nav-link[href="/register"]</title>
                    <attachments/>
                    <steps/>
                </step>
                <step start='1761999030783' status='passed' stop='1761999030783'>
                    <name>Clicking on element button=Sign up</name>
                    <title>Clicking on element button=Sign up</title>
                    <attachments/>
                    <steps/>
                </step>
                <step start='1761999034907' status='passed' stop='1761999034907'>
                    <name>Browser requests artifact</name>
                    <title>Browser requests artifact</title>
                    <attachments/>
                    <steps/>
                </step>
                <step start='1761999035028' status='passed' stop='1761999035028'>
                    <name>Screenshot artifact</name>
                    <title>Screenshot artifact</title>
                    <attachments/>
                    <steps/>
                </step>
            </steps>
            <attachments>
                <attachment title='Browser requests' source='81a5a7e7-f61b-430c-9e38-06a036fb1b0e-attachment.txt' type='text/plain' size='461'/>
                <attachment title='Screenshot' source='3423f258-e15a-4e0b-8db2-ea67e7b9bb0b-attachment.png' type='image/png' size='82388'/>
                <attachment title='Screenshot' source='d5b9102e-01c0-4911-a0e9-14ed13064f2a-attachment.png' type='image/png' size='82388'/>
            </attachments>
            <failure>
                <message>expected false to be true      
                      actual expected
                      
                      falsetrue
                      </message>
                <stack-trace>AssertionError: expected false to be true
                    at Assertion.&lt;anonymous> (/Users/asyvanych/Documents/GitHub/el-aqa-course/tc-automation-framework/node_modules/chai/lib/chai/core/assertions.js:666:10)
                    at Assertion.propertyGetter (/Users/asyvanych/Documents/GitHub/el-aqa-course/tc-automation-framework/node_modules/chai/lib/chai/utils/addProperty.js:62:29)
                    at doAsserterAsyncAndAddThen (file:///Users/asyvanych/Documents/GitHub/el-aqa-course/tc-automation-framework/node_modules/chai-as-promised/lib/chai-as-promised.js:340:16)
                    at Assertion.&lt;anonymous> (file:///Users/asyvanych/Documents/GitHub/el-aqa-course/tc-automation-framework/node_modules/chai-as-promised/lib/chai-as-promised.js:329:15)
                    at Assertion.overwritingPropertyGetter (/Users/asyvanych/Documents/GitHub/el-aqa-course/tc-automation-framework/node_modules/chai/lib/chai/utils/overwriteProperty.js:79:37)
                    at Reflect.get (&lt;anonymous>)
                    at Object.proxyGetter [as get] (/Users/asyvanych/Documents/GitHub/el-aqa-course/tc-automation-framework/node_modules/chai/lib/chai/utils/proxify.js:98:22)
                    at Context.&lt;anonymous> (/Users/asyvanych/Documents/GitHub/el-aqa-course/tc-automation-framework/ui/test/Conduit_tests/signUpConduitTest.js:31:56)</stack-trace>
            </failure>
        </test-case>
    </test-cases>
</ns2:test-suite>