<?xml version='1.0'?>
<ns2:test-suite xmlns:ns2='urn:model.allure.qatools.yandex.ru' start='1761988712364' stop='1761988718508'>
    <name>Sign up Conduit</name>
    <title>Sign up Conduit</title>
    <test-cases>
        <test-case start='1761988717728' status='failed' stop='1761988718105'>
            <name>Should navigate to Registration page</name>
            <title>Should navigate to Registration page</title>
            <labels>
                <label name='language' value='javascript'/>
                <label name='framework' value='wdio'/>
                <label name='thread' value='0-0'/>
                <label name='story' value='Conduit_tests'/>
            </labels>
            <parameters>
                <parameter kind='argument' name='browser' value='chrome-142.0.7444.60'/>
                <parameter kind='environment-variable' name='browserName' value='chrome'/>
                <parameter kind='environment-variable' name='browserVersion' value='142.0.7444.60'/>
                <parameter kind='environment-variable' name='windowSize' value='1920,1014'/>
            </parameters>
            <steps>
                <step start='1761988717751' status='passed' stop='1761988717751'>
                    <name>Clicking on element .nav-link[href="/register"]</name>
                    <title>Clicking on element .nav-link[href="/register"]</title>
                    <attachments/>
                    <steps/>
                </step>
                <step start='1761988718507' status='passed' stop='1761988718507'>
                    <name>Screenshot artifact</name>
                    <title>Screenshot artifact</title>
                    <attachments/>
                    <steps/>
                </step>
            </steps>
            <attachments>
                <attachment title='Screenshot' source='ef569bee-8e77-438e-9369-1d8a1c992d2e-attachment.png' type='image/png' size='69605'/>
                <attachment title='Screenshot' source='e16f637e-393d-438e-b319-f183abccb822-attachment.png' type='image/png' size='69605'/>
            </attachments>
            <failure>
                <message>expected 'Sign up' to equal 'Sign Up'      
                      actual expected
                      
                      'Sign upUp'
                      </message>
                <stack-trace>AssertionError: expected 'Sign up' to equal 'Sign Up'
                    at Proxy.assertEqual (/Users/asyvanych/Documents/GitHub/el-aqa-course/tc-automation-framework/node_modules/chai/lib/chai/core/assertions.js:1038:12)
                    at Proxy.methodWrapper (/Users/asyvanych/Documents/GitHub/el-aqa-course/tc-automation-framework/node_modules/chai/lib/chai/utils/addMethod.js:57:25)
                    at doAsserterAsyncAndAddThen (file:///Users/asyvanych/Documents/GitHub/el-aqa-course/tc-automation-framework/node_modules/chai-as-promised/lib/chai-as-promised.js:340:16)
                    at Proxy.&lt;anonymous> (file:///Users/asyvanych/Documents/GitHub/el-aqa-course/tc-automation-framework/node_modules/chai-as-promised/lib/chai-as-promised.js:294:18)
                    at Proxy.overwritingMethodWrapper (/Users/asyvanych/Documents/GitHub/el-aqa-course/tc-automation-framework/node_modules/chai/lib/chai/utils/overwriteMethod.js:78:33)
                    at Context.&lt;anonymous> (/Users/asyvanych/Documents/GitHub/el-aqa-course/tc-automation-framework/ui/test/Conduit_tests/signUpConduitTest.js:16:59)</stack-trace>
            </failure>
        </test-case>
    </test-cases>
</ns2:test-suite>