<?xml version='1.0'?>
<ns2:test-suite xmlns:ns2='urn:model.allure.qatools.yandex.ru' start='1762008007355' stop='1762008014440'>
    <name>Sign in Conduit</name>
    <title>Sign in Conduit</title>
    <test-cases>
        <test-case start='1762008009729' status='failed' stop='1762008014304'>
            <name>Should login user</name>
            <title>Should login user</title>
            <labels>
                <label name='language' value='javascript'/>
                <label name='framework' value='wdio'/>
                <label name='thread' value='0-0'/>
                <label name='story' value='Conduit_tests'/>
            </labels>
            <parameters>
                <parameter kind='argument' name='browser' value='chrome-142.0.7444.60'/>
                <parameter kind='environment-variable' name='browserName' value='chrome'/>
                <parameter kind='environment-variable' name='browserVersion' value='142.0.7444.60'/>
                <parameter kind='environment-variable' name='windowSize' value='1920,1014'/>
            </parameters>
            <steps>
                <step start='1762008009768' status='passed' stop='1762008009768'>
                    <name>Clicking on element .nav-link[href="/login"]</name>
                    <title>Clicking on element .nav-link[href="/login"]</title>
                    <attachments/>
                    <steps/>
                </step>
                <step start='1762008010192' status='passed' stop='1762008010192'>
                    <name>Clicking on element button=Sign in</name>
                    <title>Clicking on element button=Sign in</title>
                    <attachments/>
                    <steps/>
                </step>
                <step start='1762008014312' status='passed' stop='1762008014312'>
                    <name>Browser requests artifact</name>
                    <title>Browser requests artifact</title>
                    <attachments/>
                    <steps/>
                </step>
                <step start='1762008014439' status='passed' stop='1762008014439'>
                    <name>Screenshot artifact</name>
                    <title>Screenshot artifact</title>
                    <attachments/>
                    <steps/>
                </step>
            </steps>
            <attachments>
                <attachment title='Browser requests' source='6b4d92c1-52b0-47bb-92a7-646d015655ae-attachment.txt' type='text/plain' size='447'/>
                <attachment title='Screenshot' source='226423d7-2d17-4c4e-87ad-ad118c24ed48-attachment.png' type='image/png' size='79775'/>
                <attachment title='Screenshot' source='526030c4-e5b7-4ba7-97aa-d70ef7d0b13e-attachment.png' type='image/png' size='79775'/>
            </attachments>
            <failure>
                <message>expected false to be true      
                      actual expected
                      
                      falsetrue
                      </message>
                <stack-trace>AssertionError: expected false to be true
                    at Assertion.&lt;anonymous> (/Users/asyvanych/Documents/GitHub/el-aqa-course/tc-automation-framework/node_modules/chai/lib/chai/core/assertions.js:666:10)
                    at Assertion.propertyGetter (/Users/asyvanych/Documents/GitHub/el-aqa-course/tc-automation-framework/node_modules/chai/lib/chai/utils/addProperty.js:62:29)
                    at doAsserterAsyncAndAddThen (file:///Users/asyvanych/Documents/GitHub/el-aqa-course/tc-automation-framework/node_modules/chai-as-promised/lib/chai-as-promised.js:340:16)
                    at Assertion.&lt;anonymous> (file:///Users/asyvanych/Documents/GitHub/el-aqa-course/tc-automation-framework/node_modules/chai-as-promised/lib/chai-as-promised.js:329:15)
                    at Assertion.overwritingPropertyGetter (/Users/asyvanych/Documents/GitHub/el-aqa-course/tc-automation-framework/node_modules/chai/lib/chai/utils/overwriteProperty.js:79:37)
                    at Reflect.get (&lt;anonymous>)
                    at Object.proxyGetter [as get] (/Users/asyvanych/Documents/GitHub/el-aqa-course/tc-automation-framework/node_modules/chai/lib/chai/utils/proxify.js:98:22)
                    at Context.&lt;anonymous> (/Users/asyvanych/Documents/GitHub/el-aqa-course/tc-automation-framework/ui/test/Conduit_tests/signInConduitTest.js:50:56)</stack-trace>
            </failure>
        </test-case>
    </test-cases>
</ns2:test-suite>