<?xml version='1.0'?>
<ns2:test-suite xmlns:ns2='urn:model.allure.qatools.yandex.ru' start='1762233843722' stop='1762233847604'>
    <name>New Article CRUD</name>
    <title>New Article CRUD</title>
    <test-cases>
        <test-case start='1762233847603' status='broken' stop='1762233847603'>
            <name>"before all" hook for New Article CRUD</name>
            <title>"before all" hook for New Article CRUD</title>
            <labels>
                <label name='language' value='javascript'/>
                <label name='framework' value='wdio'/>
                <label name='thread' value='0-0'/>
            </labels>
            <parameters>
                <parameter kind='argument' name='browser' value='chrome-142.0.7444.60'/>
            </parameters>
            <steps/>
            <attachments/>
            <failure>
                <message>faker.lorem.title is not a function</message>
                <stack-trace>TypeError: faker.lorem.title is not a function
                    at Function.generateFakeArticle (/Users/asyvanych/Documents/GitHub/el-aqa-course/tc-automation-framework/data/RequestDataGenerator.js:54:32)
                    at Context.&lt;anonymous> (/Users/asyvanych/Documents/GitHub/el-aqa-course/tc-automation-framework/ui/test/Conduit_tests/newArticleCrudTest.js:33:37)</stack-trace>
            </failure>
        </test-case>
        <test-case start='1762233847604' status='broken' stop='1762233847604'>
            <name>"after all" hook for New Article CRUD</name>
            <title>"after all" hook for New Article CRUD</title>
            <labels>
                <label name='language' value='javascript'/>
                <label name='framework' value='wdio'/>
                <label name='thread' value='0-0'/>
            </labels>
            <parameters>
                <parameter kind='argument' name='browser' value='chrome-142.0.7444.60'/>
            </parameters>
            <steps/>
            <attachments/>
            <failure>
                <message>Cannot read properties of undefined (reading 'slug')</message>
                <stack-trace>TypeError: Cannot read properties of undefined (reading 'slug')
                    at Context.&lt;anonymous> (/Users/asyvanych/Documents/GitHub/el-aqa-course/tc-automation-framework/ui/test/Conduit_tests/newArticleCrudTest.js:87:25)</stack-trace>
            </failure>
        </test-case>
    </test-cases>
</ns2:test-suite>