<?xml version='1.0'?>
<ns2:test-suite xmlns:ns2='urn:model.allure.qatools.yandex.ru' start='1762161604442' stop='1762161665106'>
    <name>New Article CRUD</name>
    <title>New Article CRUD</title>
    <test-cases>
        <test-case start='1762161636245' status='broken' stop='1762161650371'>
            <name>Should confirm navigation bar in header is visible as for logged in user</name>
            <title>Should confirm navigation bar in header is visible as for logged in user</title>
            <labels>
                <label name='language' value='javascript'/>
                <label name='framework' value='wdio'/>
                <label name='thread' value='0-0'/>
                <label name='story' value='Conduit_tests'/>
            </labels>
            <parameters>
                <parameter kind='argument' name='browser' value='chrome-142.0.7444.60'/>
                <parameter kind='environment-variable' name='browserName' value='chrome'/>
                <parameter kind='environment-variable' name='browserVersion' value='142.0.7444.60'/>
                <parameter kind='environment-variable' name='windowSize' value='1920,1055'/>
            </parameters>
            <steps>
                <step start='1762161650602' status='passed' stop='1762161650602'>
                    <name>Screenshot artifact</name>
                    <title>Screenshot artifact</title>
                    <attachments/>
                    <steps/>
                </step>
            </steps>
            <attachments>
                <attachment title='Screenshot' source='2799538b-cce4-4393-80d0-38551b1903e6-attachment.png' type='image/png' size='322473'/>
                <attachment title='Screenshot' source='c54ffc1c-703c-41e8-b5e8-c8a7941b2952-attachment.png' type='image/png' size='322473'/>
            </attachments>
            <failure>
                <message>Element .nav-link[href="/editor"] is not visible
                        after maximum retries (3), Error message: Error</message>
                <stack-trace>Error: Element .nav-link[href="/editor"] is not visible
                        after maximum retries (3), Error message: Error
                    at HomePage.waitForElementVisible (/Users/asyvanych/Documents/GitHub/el-aqa-course/tc-automation-framework/ui/pages/BasePage.js:49:15)
                    at async HomePage.confirmNavigationForLoggedInUser (/Users/asyvanych/Documents/GitHub/el-aqa-course/tc-automation-framework/ui/pages/ConduitApp/HomePage.js:41:9)
                    at async Context.&lt;anonymous> (/Users/asyvanych/Documents/GitHub/el-aqa-course/tc-automation-framework/ui/test/Conduit_tests/newArticleCrudTest.js:27:9)</stack-trace>
            </failure>
        </test-case>
        <test-case start='1762161650603' status='broken' stop='1762161664626'>
            <name>Should navigate to New Article page</name>
            <title>Should navigate to New Article page</title>
            <labels>
                <label name='language' value='javascript'/>
                <label name='framework' value='wdio'/>
                <label name='thread' value='0-0'/>
                <label name='story' value='Conduit_tests'/>
            </labels>
            <parameters>
                <parameter kind='argument' name='browser' value='chrome-142.0.7444.60'/>
                <parameter kind='environment-variable' name='browserName' value='chrome'/>
                <parameter kind='environment-variable' name='browserVersion' value='142.0.7444.60'/>
                <parameter kind='environment-variable' name='windowSize' value='1920,1055'/>
            </parameters>
            <steps>
                <step start='1762161652620' status='passed' stop='1762161652620'>
                    <name>Clicking on element .nav-link[href="/editor"]</name>
                    <title>Clicking on element .nav-link[href="/editor"]</title>
                    <attachments/>
                    <steps/>
                </step>
                <step start='1762161664967' status='passed' stop='1762161664967'>
                    <name>Screenshot artifact</name>
                    <title>Screenshot artifact</title>
                    <attachments/>
                    <steps/>
                </step>
            </steps>
            <attachments>
                <attachment title='Screenshot' source='899b1d57-4d29-4c6c-a349-2739ef080a09-attachment.png' type='image/png' size='322473'/>
                <attachment title='Screenshot' source='b8c16a10-ec7e-470b-8a73-0163a0434408-attachment.png' type='image/png' size='322473'/>
            </attachments>
            <failure>
                <message>Element .nav-link[href="/editor"] is not visible
                        after maximum retries (3), Error message: Error</message>
                <stack-trace>Error: Element .nav-link[href="/editor"] is not visible
                        after maximum retries (3), Error message: Error
                    at HomePage.waitForElementVisible (/Users/asyvanych/Documents/GitHub/el-aqa-course/tc-automation-framework/ui/pages/BasePage.js:49:15)
                    at async HomePage.clickOnElement (/Users/asyvanych/Documents/GitHub/el-aqa-course/tc-automation-framework/ui/pages/BasePage.js:187:9)
                    at async HomePage.navigateToNewArticlePage (/Users/asyvanych/Documents/GitHub/el-aqa-course/tc-automation-framework/ui/pages/ConduitApp/HomePage.js:62:9)
                    at async Context.&lt;anonymous> (/Users/asyvanych/Documents/GitHub/el-aqa-course/tc-automation-framework/ui/test/Conduit_tests/newArticleCrudTest.js:31:9)</stack-trace>
            </failure>
        </test-case>
        <test-case start='1762161664967' status='broken' stop='1762161664968'>
            <name>Should create a new article</name>
            <title>Should create a new article</title>
            <labels>
                <label name='language' value='javascript'/>
                <label name='framework' value='wdio'/>
                <label name='thread' value='0-0'/>
                <label name='story' value='Conduit_tests'/>
            </labels>
            <parameters>
                <parameter kind='argument' name='browser' value='chrome-142.0.7444.60'/>
                <parameter kind='environment-variable' name='browserName' value='chrome'/>
                <parameter kind='environment-variable' name='browserVersion' value='142.0.7444.60'/>
                <parameter kind='environment-variable' name='windowSize' value='1920,1055'/>
            </parameters>
            <steps>
                <step start='1762161665105' status='passed' stop='1762161665105'>
                    <name>Screenshot artifact</name>
                    <title>Screenshot artifact</title>
                    <attachments/>
                    <steps/>
                </step>
            </steps>
            <attachments>
                <attachment title='Screenshot' source='aaabdfb1-0a84-45e0-944c-f088620ef0f3-attachment.png' type='image/png' size='322473'/>
                <attachment title='Screenshot' source='f77730cb-ac7b-435c-ab48-a4fbbc6b8197-attachment.png' type='image/png' size='322473'/>
            </attachments>
            <failure>
                <message>NewArticlePage is not defined</message>
                <stack-trace>ReferenceError: NewArticlePage is not defined
                    at Context.&lt;anonymous> (/Users/asyvanych/Documents/GitHub/el-aqa-course/tc-automation-framework/ui/test/Conduit_tests/newArticleCrudTest.js:35:9)</stack-trace>
            </failure>
        </test-case>
    </test-cases>
</ns2:test-suite>