<?xml version='1.0'?>
<ns2:test-suite xmlns:ns2='urn:model.allure.qatools.yandex.ru' start='1762236812350' stop='1762236825325'>
    <name>New Article CRUD</name>
    <title>New Article CRUD</title>
    <test-cases>
        <test-case start='1762236815172' status='passed' stop='1762236823420'>
            <name>Should verify navigation bar in header is visible as for logged in user</name>
            <title>Should verify navigation bar in header is visible as for logged in user</title>
            <labels>
                <label name='language' value='javascript'/>
                <label name='framework' value='wdio'/>
                <label name='thread' value='0-0'/>
                <label name='story' value='Conduit_tests'/>
            </labels>
            <parameters>
                <parameter kind='argument' name='browser' value='chrome-142.0.7444.60'/>
                <parameter kind='environment-variable' name='browserName' value='chrome'/>
                <parameter kind='environment-variable' name='browserVersion' value='142.0.7444.60'/>
                <parameter kind='environment-variable' name='windowSize' value='1920,1014'/>
            </parameters>
            <steps/>
            <attachments/>
        </test-case>
        <test-case start='1762236823421' status='passed' stop='1762236823610'>
            <name>Should navigate to New Article page</name>
            <title>Should navigate to New Article page</title>
            <labels>
                <label name='language' value='javascript'/>
                <label name='framework' value='wdio'/>
                <label name='thread' value='0-0'/>
                <label name='story' value='Conduit_tests'/>
            </labels>
            <parameters>
                <parameter kind='argument' name='browser' value='chrome-142.0.7444.60'/>
                <parameter kind='environment-variable' name='browserName' value='chrome'/>
                <parameter kind='environment-variable' name='browserVersion' value='142.0.7444.60'/>
                <parameter kind='environment-variable' name='windowSize' value='1920,1014'/>
            </parameters>
            <steps>
                <step start='1762236823438' status='passed' stop='1762236823438'>
                    <name>Clicking on element .nav-link[href="/editor"]</name>
                    <title>Clicking on element .nav-link[href="/editor"]</title>
                    <attachments/>
                    <steps/>
                </step>
            </steps>
            <attachments/>
        </test-case>
        <test-case start='1762236823610' status='passed' stop='1762236824139'>
            <name>Should create a new article</name>
            <title>Should create a new article</title>
            <labels>
                <label name='language' value='javascript'/>
                <label name='framework' value='wdio'/>
                <label name='thread' value='0-0'/>
                <label name='story' value='Conduit_tests'/>
            </labels>
            <parameters>
                <parameter kind='argument' name='browser' value='chrome-142.0.7444.60'/>
                <parameter kind='environment-variable' name='browserName' value='chrome'/>
                <parameter kind='environment-variable' name='browserVersion' value='142.0.7444.60'/>
                <parameter kind='environment-variable' name='windowSize' value='1920,1014'/>
            </parameters>
            <steps>
                <step start='1762236824119' status='passed' stop='1762236824119'>
                    <name>Clicking on element [data-qa-id="editor-publish"]</name>
                    <title>Clicking on element [data-qa-id="editor-publish"]</title>
                    <attachments/>
                    <steps/>
                </step>
            </steps>
            <attachments/>
        </test-case>
        <test-case start='1762236824139' status='passed' stop='1762236824920'>
            <name>Should verify the created article page is opened</name>
            <title>Should verify the created article page is opened</title>
            <labels>
                <label name='language' value='javascript'/>
                <label name='framework' value='wdio'/>
                <label name='thread' value='0-0'/>
                <label name='story' value='Conduit_tests'/>
            </labels>
            <parameters>
                <parameter kind='argument' name='browser' value='chrome-142.0.7444.60'/>
                <parameter kind='environment-variable' name='browserName' value='chrome'/>
                <parameter kind='environment-variable' name='browserVersion' value='142.0.7444.60'/>
                <parameter kind='environment-variable' name='windowSize' value='1920,1014'/>
            </parameters>
            <steps/>
            <attachments/>
        </test-case>
        <test-case start='1762236824921' status='passed' stop='1762236824936'>
            <name>Should verify the created article title</name>
            <title>Should verify the created article title</title>
            <labels>
                <label name='language' value='javascript'/>
                <label name='framework' value='wdio'/>
                <label name='thread' value='0-0'/>
                <label name='story' value='Conduit_tests'/>
            </labels>
            <parameters>
                <parameter kind='argument' name='browser' value='chrome-142.0.7444.60'/>
                <parameter kind='environment-variable' name='browserName' value='chrome'/>
                <parameter kind='environment-variable' name='browserVersion' value='142.0.7444.60'/>
                <parameter kind='environment-variable' name='windowSize' value='1920,1014'/>
            </parameters>
            <steps/>
            <attachments/>
        </test-case>
        <test-case start='1762236824936' status='failed' stop='1762236824954'>
            <name>Should verify the created article body</name>
            <title>Should verify the created article body</title>
            <labels>
                <label name='language' value='javascript'/>
                <label name='framework' value='wdio'/>
                <label name='thread' value='0-0'/>
                <label name='story' value='Conduit_tests'/>
            </labels>
            <parameters>
                <parameter kind='argument' name='browser' value='chrome-142.0.7444.60'/>
                <parameter kind='environment-variable' name='browserName' value='chrome'/>
                <parameter kind='environment-variable' name='browserVersion' value='142.0.7444.60'/>
                <parameter kind='environment-variable' name='windowSize' value='1920,1014'/>
            </parameters>
            <steps>
                <step start='1762236824958' status='passed' stop='1762236824958'>
                    <name>Browser requests artifact</name>
                    <title>Browser requests artifact</title>
                    <attachments/>
                    <steps/>
                </step>
                <step start='1762236825070' status='passed' stop='1762236825070'>
                    <name>Screenshot artifact</name>
                    <title>Screenshot artifact</title>
                    <attachments/>
                    <steps/>
                </step>
            </steps>
            <attachments>
                <attachment title='Browser requests' source='720f8383-f84d-4bd2-b36c-0bba9cafbcf1-attachment.txt' type='text/plain' size='5984'/>
                <attachment title='Screenshot' source='1935aee7-8379-4e84-9cd4-4a3bdcb710f5-attachment.png' type='image/png' size='228163'/>
                <attachment title='Screenshot' source='c86e21a0-20c8-4c55-81df-e4419f680d3f-attachment.png' type='image/png' size='228163'/>
            </attachments>
            <failure>
                <message>expected 'Nobis dolores placeat aut. Odit non d…' to equal 'Nobis dolores placeat aut. Odit non d…'      
                      actual expected
                      
                      'Nobis dolores placeat aut. Odit non dolor fugiat beatae facere reprehenderit. Expedita deserunt et aut voluptates sunt omnis ipsam. Nemo impedit consectetur..\nMolestiae Molestiae dolores aliquid. Qui aut facilis quis quasi ut quasi voluptatem velit odit. Fugiat odio et qui et beatae..\nAtque Atque ratione sequi qui distinctio ipsa natus omnis asperiores sit. Ex placeat laudantium consequatur. Autem omnis doloremque consectetur sunt saepe qui ut aut. Tenetur ea quis placeat vel animi nam soluta est. Non voluptatem nulla dolorum necessitatibus aut ad fugit aperiam impedit.'
                      </message>
                <stack-trace>AssertionError: expected 'Nobis dolores placeat aut. Odit non d…' to equal 'Nobis dolores placeat aut. Odit non d…'
                    at Proxy.assertEqual (/Users/asyvanych/Documents/GitHub/el-aqa-course/tc-automation-framework/node_modules/chai/lib/chai/core/assertions.js:1038:12)
                    at Proxy.methodWrapper (/Users/asyvanych/Documents/GitHub/el-aqa-course/tc-automation-framework/node_modules/chai/lib/chai/utils/addMethod.js:57:25)
                    at doAsserterAsyncAndAddThen (file:///Users/asyvanych/Documents/GitHub/el-aqa-course/tc-automation-framework/node_modules/chai-as-promised/lib/chai-as-promised.js:340:16)
                    at Proxy.&lt;anonymous> (file:///Users/asyvanych/Documents/GitHub/el-aqa-course/tc-automation-framework/node_modules/chai-as-promised/lib/chai-as-promised.js:294:18)
                    at Proxy.overwritingMethodWrapper (/Users/asyvanych/Documents/GitHub/el-aqa-course/tc-automation-framework/node_modules/chai/lib/chai/utils/overwriteMethod.js:78:33)
                    at ArticlePage.isArticleBody (/Users/asyvanych/Documents/GitHub/el-aqa-course/tc-automation-framework/ui/pages/ConduitApp/ArticlePage.js:36:31)
                    at async Context.&lt;anonymous> (/Users/asyvanych/Documents/GitHub/el-aqa-course/tc-automation-framework/ui/test/Conduit_tests/newArticleCrudTest.js:72:9)</stack-trace>
            </failure>
        </test-case>
        <test-case start='1762236825070' status='passed' stop='1762236825086'>
            <name>Should verify the created article author</name>
            <title>Should verify the created article author</title>
            <labels>
                <label name='language' value='javascript'/>
                <label name='framework' value='wdio'/>
                <label name='thread' value='0-0'/>
                <label name='story' value='Conduit_tests'/>
            </labels>
            <parameters>
                <parameter kind='argument' name='browser' value='chrome-142.0.7444.60'/>
                <parameter kind='environment-variable' name='browserName' value='chrome'/>
                <parameter kind='environment-variable' name='browserVersion' value='142.0.7444.60'/>
                <parameter kind='environment-variable' name='windowSize' value='1920,1014'/>
            </parameters>
            <steps/>
            <attachments/>
        </test-case>
        <test-case start='1762236825086' status='passed' stop='1762236825104'>
            <name>Should verify the created article tags</name>
            <title>Should verify the created article tags</title>
            <labels>
                <label name='language' value='javascript'/>
                <label name='framework' value='wdio'/>
                <label name='thread' value='0-0'/>
                <label name='story' value='Conduit_tests'/>
            </labels>
            <parameters>
                <parameter kind='argument' name='browser' value='chrome-142.0.7444.60'/>
                <parameter kind='environment-variable' name='browserName' value='chrome'/>
                <parameter kind='environment-variable' name='browserVersion' value='142.0.7444.60'/>
                <parameter kind='environment-variable' name='windowSize' value='1920,1014'/>
            </parameters>
            <steps/>
            <attachments/>
        </test-case>
    </test-cases>
</ns2:test-suite>