<?xml version='1.0'?>
<ns2:test-suite xmlns:ns2='urn:model.allure.qatools.yandex.ru' start='1762163139848' stop='1762163184809'>
    <name>New Article CRUD</name>
    <title>New Article CRUD</title>
    <test-cases>
        <test-case start='1762163143561' status='broken' stop='1762163157696'>
            <name>Should confirm navigation bar in header is visible as for logged in user</name>
            <title>Should confirm navigation bar in header is visible as for logged in user</title>
            <labels>
                <label name='language' value='javascript'/>
                <label name='framework' value='wdio'/>
                <label name='thread' value='0-0'/>
                <label name='story' value='Conduit_tests'/>
            </labels>
            <parameters>
                <parameter kind='argument' name='browser' value='chrome-142.0.7444.60'/>
                <parameter kind='environment-variable' name='browserName' value='chrome'/>
                <parameter kind='environment-variable' name='browserVersion' value='142.0.7444.60'/>
                <parameter kind='environment-variable' name='windowSize' value='1920,1055'/>
            </parameters>
            <steps>
                <step start='1762163157916' status='passed' stop='1762163157916'>
                    <name>Screenshot artifact</name>
                    <title>Screenshot artifact</title>
                    <attachments/>
                    <steps/>
                </step>
            </steps>
            <attachments>
                <attachment title='Screenshot' source='7cc258ab-7653-49bb-ab43-4c5f1c142e71-attachment.png' type='image/png' size='322473'/>
                <attachment title='Screenshot' source='9bc1338f-69e9-4bf6-ae74-47dbefe17317-attachment.png' type='image/png' size='322473'/>
            </attachments>
            <failure>
                <message>Element .nav-link[href="/editor"] is not visible
                        after maximum retries (3), Error message: Error</message>
                <stack-trace>Error: Element .nav-link[href="/editor"] is not visible
                        after maximum retries (3), Error message: Error
                    at HomePage.waitForElementVisible (/Users/asyvanych/Documents/GitHub/el-aqa-course/tc-automation-framework/ui/pages/BasePage.js:49:15)
                    at async HomePage.confirmNavigationForLoggedInUser (/Users/asyvanych/Documents/GitHub/el-aqa-course/tc-automation-framework/ui/pages/ConduitApp/HomePage.js:41:9)
                    at async Context.&lt;anonymous> (/Users/asyvanych/Documents/GitHub/el-aqa-course/tc-automation-framework/ui/test/Conduit_tests/newArticleCrudTest.js:32:9)</stack-trace>
            </failure>
        </test-case>
        <test-case start='1762163157917' status='broken' stop='1762163171964'>
            <name>Should navigate to New Article page</name>
            <title>Should navigate to New Article page</title>
            <labels>
                <label name='language' value='javascript'/>
                <label name='framework' value='wdio'/>
                <label name='thread' value='0-0'/>
                <label name='story' value='Conduit_tests'/>
            </labels>
            <parameters>
                <parameter kind='argument' name='browser' value='chrome-142.0.7444.60'/>
                <parameter kind='environment-variable' name='browserName' value='chrome'/>
                <parameter kind='environment-variable' name='browserVersion' value='142.0.7444.60'/>
                <parameter kind='environment-variable' name='windowSize' value='1920,1055'/>
            </parameters>
            <steps>
                <step start='1762163159956' status='passed' stop='1762163159956'>
                    <name>Clicking on element .nav-link[href="/editor"]</name>
                    <title>Clicking on element .nav-link[href="/editor"]</title>
                    <attachments/>
                    <steps/>
                </step>
                <step start='1762163172361' status='passed' stop='1762163172361'>
                    <name>Screenshot artifact</name>
                    <title>Screenshot artifact</title>
                    <attachments/>
                    <steps/>
                </step>
            </steps>
            <attachments>
                <attachment title='Screenshot' source='99fe0702-2748-4329-9542-c1c0d15d7148-attachment.png' type='image/png' size='322473'/>
                <attachment title='Screenshot' source='fab26f03-c4e3-4661-ad8d-0524eb40e8ef-attachment.png' type='image/png' size='322473'/>
            </attachments>
            <failure>
                <message>Element .nav-link[href="/editor"] is not visible
                        after maximum retries (3), Error message: Error</message>
                <stack-trace>Error: Element .nav-link[href="/editor"] is not visible
                        after maximum retries (3), Error message: Error
                    at HomePage.waitForElementVisible (/Users/asyvanych/Documents/GitHub/el-aqa-course/tc-automation-framework/ui/pages/BasePage.js:49:15)
                    at async HomePage.clickOnElement (/Users/asyvanych/Documents/GitHub/el-aqa-course/tc-automation-framework/ui/pages/BasePage.js:187:9)
                    at async HomePage.navigateToNewArticlePage (/Users/asyvanych/Documents/GitHub/el-aqa-course/tc-automation-framework/ui/pages/ConduitApp/HomePage.js:62:9)
                    at async Context.&lt;anonymous> (/Users/asyvanych/Documents/GitHub/el-aqa-course/tc-automation-framework/ui/test/Conduit_tests/newArticleCrudTest.js:36:9)</stack-trace>
            </failure>
        </test-case>
        <test-case start='1762163172361' status='broken' stop='1762163184402'>
            <name>Should create a new article</name>
            <title>Should create a new article</title>
            <labels>
                <label name='language' value='javascript'/>
                <label name='framework' value='wdio'/>
                <label name='thread' value='0-0'/>
                <label name='story' value='Conduit_tests'/>
            </labels>
            <parameters>
                <parameter kind='argument' name='browser' value='chrome-142.0.7444.60'/>
                <parameter kind='environment-variable' name='browserName' value='chrome'/>
                <parameter kind='environment-variable' name='browserVersion' value='142.0.7444.60'/>
                <parameter kind='environment-variable' name='windowSize' value='1920,1055'/>
            </parameters>
            <steps>
                <step start='1762163184808' status='passed' stop='1762163184808'>
                    <name>Screenshot artifact</name>
                    <title>Screenshot artifact</title>
                    <attachments/>
                    <steps/>
                </step>
            </steps>
            <attachments>
                <attachment title='Screenshot' source='014de09e-7bc3-4d42-9259-0307825109db-attachment.png' type='image/png' size='322473'/>
                <attachment title='Screenshot' source='db616317-99a1-48bd-bbad-681676bb1630-attachment.png' type='image/png' size='322473'/>
            </attachments>
            <failure>
                <message>Can't call setValue on element with selector "[data-qa-id="editor-title"]" because element wasn't found</message>
                <stack-trace>Error: Can't call setValue on element with selector "[data-qa-id="editor-title"]" because element wasn't found
                    at async NewArticlePage.addNewArticle (/Users/asyvanych/Documents/GitHub/el-aqa-course/tc-automation-framework/ui/pages/ConduitApp/NewArticlePage.js:17:9)
                    at async Context.&lt;anonymous> (/Users/asyvanych/Documents/GitHub/el-aqa-course/tc-automation-framework/ui/test/Conduit_tests/newArticleCrudTest.js:40:9)</stack-trace>
            </failure>
        </test-case>
    </test-cases>
</ns2:test-suite>